d:\project\directx_practice\dx12__practice\intermediate\debug\client.pch
d:\project\directx_practice\dx12__practice\intermediate\debug\vc143.pdb
d:\project\directx_practice\dx12__practice\intermediate\debug\vc143.idb
d:\project\directx_practice\dx12__practice\intermediate\debug\pch.obj
d:\project\directx_practice\dx12__practice\intermediate\debug\main.obj
d:\project\directx_practice\dx12__practice\intermediate\debug\21. pickingdemo.obj
d:\project\directx_practice\dx12__practice\intermediate\debug\20. instancingandcullingdemo.obj
d:\project\directx_practice\dx12__practice\binaries\lightingutil.cso
d:\project\directx_practice\dx12__practice\binaries\client.exe
d:\project\directx_practice\dx12__practice\intermediate\debug\client.ilk
d:\project\directx_practice\dx12__practice\binaries\client.pdb
d:\project\directx_practice\dx12__practice\intermediate\debug\client.res
d:\project\directx_practice\dx12__practice\intermediate\debug\bindshaderdesc.obj
d:\project\directx_practice\dx12__practice\intermediate\debug\camera.obj
d:\project\directx_practice\dx12__practice\intermediate\debug\component.obj
d:\project\directx_practice\dx12__practice\intermediate\debug\d3dutil.obj
d:\project\directx_practice\dx12__practice\intermediate\debug\ddstextureloader.obj
d:\project\directx_practice\dx12__practice\intermediate\debug\engine.obj
d:\project\directx_practice\dx12__practice\intermediate\debug\frameresource.obj
d:\project\directx_practice\dx12__practice\intermediate\debug\gameapp.obj
d:\project\directx_practice\dx12__practice\intermediate\debug\geometry.obj
d:\project\directx_practice\dx12__practice\intermediate\debug\geometrygenerator.obj
d:\project\directx_practice\dx12__practice\intermediate\debug\geometryhelper.obj
d:\project\directx_practice\dx12__practice\intermediate\debug\indexbuffer.obj
d:\project\directx_practice\dx12__practice\intermediate\debug\inputmanager.obj
d:\project\directx_practice\dx12__practice\intermediate\debug\instancingbuffer.obj
d:\project\directx_practice\dx12__practice\intermediate\debug\mathhelper.obj
d:\project\directx_practice\dx12__practice\intermediate\debug\mesh.obj
d:\project\directx_practice\dx12__practice\intermediate\debug\renderobject.obj
d:\project\directx_practice\dx12__practice\intermediate\debug\renderstates.obj
d:\project\directx_practice\dx12__practice\intermediate\debug\simplemath.obj
d:\project\directx_practice\dx12__practice\intermediate\debug\timemanager.obj
d:\project\directx_practice\dx12__practice\intermediate\debug\tinyxml2.obj
d:\project\directx_practice\dx12__practice\intermediate\debug\uploadbuffer.obj
d:\project\directx_practice\dx12__practice\intermediate\debug\utils.obj
d:\project\directx_practice\dx12__practice\intermediate\debug\vertexbuffer.obj
d:\project\directx_practice\dx12__practice\intermediate\debug\vertexdata.obj
d:\project\directx_practice\dx12__practice\intermediate\debug\engine.pch
d:\project\directx_practice\dx12__practice\intermediate\debug\client.vcxproj.filelistabsolute.txt
d:\project\directx_practice\dx12__practice\intermediate\debug\client.tlog\cl.command.1.tlog
d:\project\directx_practice\dx12__practice\intermediate\debug\client.tlog\cl.read.1.tlog
d:\project\directx_practice\dx12__practice\intermediate\debug\client.tlog\cl.write.1.tlog
d:\project\directx_practice\dx12__practice\intermediate\debug\client.tlog\fxc.command.1.tlog
d:\project\directx_practice\dx12__practice\intermediate\debug\client.tlog\fxc.read.1.tlog
d:\project\directx_practice\dx12__practice\intermediate\debug\client.tlog\fxc.write.1.tlog
d:\project\directx_practice\dx12__practice\intermediate\debug\client.tlog\link.command.1.tlog
d:\project\directx_practice\dx12__practice\intermediate\debug\client.tlog\link.read.1.tlog
d:\project\directx_practice\dx12__practice\intermediate\debug\client.tlog\link.write.1.tlog
d:\project\directx_practice\dx12__practice\intermediate\debug\client.tlog\rc.command.1.tlog
d:\project\directx_practice\dx12__practice\intermediate\debug\client.tlog\rc.read.1.tlog
d:\project\directx_practice\dx12__practice\intermediate\debug\client.tlog\rc.write.1.tlog
